<?xml version="1.0" encoding="UTF-8"?>
<!-- Generated by org.testng.reporters.JUnitXMLReporter -->
<testsuite ignored="0" hostname="WKWIN5154091" failures="1" tests="7" name="Zoopla_Automation_Test" time="97.38" errors="0" timestamp="18 Jan 2020 14:40:13 GMT">
  <testcase classname="com.zoopla.qa.test.PropertyDetailPageTest" name="@BeforeMethod setUp" time="12.76">
    <failure type="org.openqa.selenium.ElementClickInterceptedException" message="Element &amp;lt;a class=&amp;quot;listing-results-price text-price&amp;quot; href=&amp;quot;/for-sale/details/53982765?search_identifier=6323219902a84fc51cd97861178ef6ce&amp;quot;&amp;gt; is not clickable at point (649,641) because another element &amp;lt;img class=&amp;quot; lazy&amp;quot;&amp;gt; obscures it
Build info: version: &amp;apos;3.14.0&amp;apos;, revision: &amp;apos;aacccce0&amp;apos;, time: &amp;apos;2018-08-02T20:19:58.91Z&amp;apos;
System info: host: &amp;apos;WKWIN5154091&amp;apos;, ip: &amp;apos;192.168.0.4&amp;apos;, os.name: &amp;apos;Windows 10&amp;apos;, os.arch: &amp;apos;amd64&amp;apos;, os.version: &amp;apos;10.0&amp;apos;, java.version: &amp;apos;12.0.2&amp;apos;
Driver info: org.openqa.selenium.firefox.FirefoxDriver
Capabilities {acceptInsecureCerts: true, browserName: firefox, browserVersion: 70.0.1, javascriptEnabled: true, moz:accessibilityChecks: false, moz:buildID: 20191030021342, moz:geckodriverVersion: 0.24.0, moz:headless: false, moz:processID: 10004, moz:profile: C:\Users\pkshank\AppData\Lo..., moz:shutdownTimeout: 60000, moz:useNonSpecCompliantPointerOrigin: false, moz:webdriverClick: true, pageLoadStrategy: normal, platform: WINDOWS, platformName: WINDOWS, platformVersion: 10.0, rotatable: false, setWindowRect: true, strictFileInteractability: false, timeouts: {implicit: 0, pageLoad: 300000, script: 30000}, unhandledPromptBehavior: dismiss and notify}
Session ID: 4fceb91e-1ee3-4d1c-9fd7-2412e91427d8">
      <![CDATA[org.openqa.selenium.ElementClickInterceptedException: Element <a class="listing-results-price text-price" href="/for-sale/details/53982765?search_identifier=6323219902a84fc51cd97861178ef6ce"> is not clickable at point (649,641) because another element <img class=" lazy"> obscures it
Build info: version: '3.14.0', revision: 'aacccce0', time: '2018-08-02T20:19:58.91Z'
System info: host: 'WKWIN5154091', ip: '192.168.0.4', os.name: 'Windows 10', os.arch: 'amd64', os.version: '10.0', java.version: '12.0.2'
Driver info: org.openqa.selenium.firefox.FirefoxDriver
Capabilities {acceptInsecureCerts: true, browserName: firefox, browserVersion: 70.0.1, javascriptEnabled: true, moz:accessibilityChecks: false, moz:buildID: 20191030021342, moz:geckodriverVersion: 0.24.0, moz:headless: false, moz:processID: 10004, moz:profile: C:\Users\pkshank\AppData\Lo..., moz:shutdownTimeout: 60000, moz:useNonSpecCompliantPointerOrigin: false, moz:webdriverClick: true, pageLoadStrategy: normal, platform: WINDOWS, platformName: WINDOWS, platformVersion: 10.0, rotatable: false, setWindowRect: true, strictFileInteractability: false, timeouts: {implicit: 0, pageLoad: 300000, script: 30000}, unhandledPromptBehavior: dismiss and notify}
Session ID: 4fceb91e-1ee3-4d1c-9fd7-2412e91427d8
	at org.openqa.selenium.remote.http.W3CHttpResponseCodec.createException(W3CHttpResponseCodec.java:187)
	at org.openqa.selenium.remote.http.W3CHttpResponseCodec.decode(W3CHttpResponseCodec.java:122)
	at org.openqa.selenium.remote.http.W3CHttpResponseCodec.decode(W3CHttpResponseCodec.java:49)
	at org.openqa.selenium.remote.HttpCommandExecutor.execute(HttpCommandExecutor.java:158)
	at org.openqa.selenium.remote.service.DriverCommandExecutor.execute(DriverCommandExecutor.java:83)
	at org.openqa.selenium.remote.RemoteWebDriver.execute(RemoteWebDriver.java:548)
	at org.openqa.selenium.remote.RemoteWebElement.execute(RemoteWebElement.java:276)
	at org.openqa.selenium.remote.RemoteWebElement.click(RemoteWebElement.java:83)
	at com.zoopla.qa.pages.PropertySearchResultPage.selectFifthProperty(PropertySearchResultPage.java:57)
	at com.zoopla.qa.test.PropertyDetailPageTest.setUp(PropertyDetailPageTest.java:29)
... Removed 36 stack frames]]>
    </failure>
  </testcase> <!-- @BeforeMethod setUp -->
  <testcase classname="com.zoopla.qa.test.AgentPageTest" name="@BeforeMethod setUp" time="22.314">
    <failure type="org.openqa.selenium.ElementClickInterceptedException" message="Element &amp;lt;a class=&amp;quot;listing-results-price text-price&amp;quot; href=&amp;quot;/for-sale/details/53982765?search_identifier=6323219902a84fc51cd97861178ef6ce&amp;quot;&amp;gt; is not clickable at point (649,641) because another element &amp;lt;img class=&amp;quot; lazy&amp;quot;&amp;gt; obscures it
Build info: version: &amp;apos;3.14.0&amp;apos;, revision: &amp;apos;aacccce0&amp;apos;, time: &amp;apos;2018-08-02T20:19:58.91Z&amp;apos;
System info: host: &amp;apos;WKWIN5154091&amp;apos;, ip: &amp;apos;192.168.0.4&amp;apos;, os.name: &amp;apos;Windows 10&amp;apos;, os.arch: &amp;apos;amd64&amp;apos;, os.version: &amp;apos;10.0&amp;apos;, java.version: &amp;apos;12.0.2&amp;apos;
Driver info: org.openqa.selenium.firefox.FirefoxDriver
Capabilities {acceptInsecureCerts: true, browserName: firefox, browserVersion: 70.0.1, javascriptEnabled: true, moz:accessibilityChecks: false, moz:buildID: 20191030021342, moz:geckodriverVersion: 0.24.0, moz:headless: false, moz:processID: 23148, moz:profile: C:\Users\pkshank\AppData\Lo..., moz:shutdownTimeout: 60000, moz:useNonSpecCompliantPointerOrigin: false, moz:webdriverClick: true, pageLoadStrategy: normal, platform: WINDOWS, platformName: WINDOWS, platformVersion: 10.0, rotatable: false, setWindowRect: true, strictFileInteractability: false, timeouts: {implicit: 0, pageLoad: 300000, script: 30000}, unhandledPromptBehavior: dismiss and notify}
Session ID: efda0cc3-3bde-40d4-a7e0-a5f53ad050b6">
      <![CDATA[org.openqa.selenium.ElementClickInterceptedException: Element <a class="listing-results-price text-price" href="/for-sale/details/53982765?search_identifier=6323219902a84fc51cd97861178ef6ce"> is not clickable at point (649,641) because another element <img class=" lazy"> obscures it
Build info: version: '3.14.0', revision: 'aacccce0', time: '2018-08-02T20:19:58.91Z'
System info: host: 'WKWIN5154091', ip: '192.168.0.4', os.name: 'Windows 10', os.arch: 'amd64', os.version: '10.0', java.version: '12.0.2'
Driver info: org.openqa.selenium.firefox.FirefoxDriver
Capabilities {acceptInsecureCerts: true, browserName: firefox, browserVersion: 70.0.1, javascriptEnabled: true, moz:accessibilityChecks: false, moz:buildID: 20191030021342, moz:geckodriverVersion: 0.24.0, moz:headless: false, moz:processID: 23148, moz:profile: C:\Users\pkshank\AppData\Lo..., moz:shutdownTimeout: 60000, moz:useNonSpecCompliantPointerOrigin: false, moz:webdriverClick: true, pageLoadStrategy: normal, platform: WINDOWS, platformName: WINDOWS, platformVersion: 10.0, rotatable: false, setWindowRect: true, strictFileInteractability: false, timeouts: {implicit: 0, pageLoad: 300000, script: 30000}, unhandledPromptBehavior: dismiss and notify}
Session ID: efda0cc3-3bde-40d4-a7e0-a5f53ad050b6
	at org.openqa.selenium.remote.http.W3CHttpResponseCodec.createException(W3CHttpResponseCodec.java:187)
	at org.openqa.selenium.remote.http.W3CHttpResponseCodec.decode(W3CHttpResponseCodec.java:122)
	at org.openqa.selenium.remote.http.W3CHttpResponseCodec.decode(W3CHttpResponseCodec.java:49)
	at org.openqa.selenium.remote.HttpCommandExecutor.execute(HttpCommandExecutor.java:158)
	at org.openqa.selenium.remote.service.DriverCommandExecutor.execute(DriverCommandExecutor.java:83)
	at org.openqa.selenium.remote.RemoteWebDriver.execute(RemoteWebDriver.java:548)
	at org.openqa.selenium.remote.RemoteWebElement.execute(RemoteWebElement.java:276)
	at org.openqa.selenium.remote.RemoteWebElement.click(RemoteWebElement.java:83)
	at com.zoopla.qa.pages.PropertySearchResultPage.selectFifthProperty(PropertySearchResultPage.java:57)
	at com.zoopla.qa.test.AgentPageTest.setUp(AgentPageTest.java:32)
... Removed 36 stack frames]]>
    </failure>
  </testcase> <!-- @BeforeMethod setUp -->
  <testcase classname="com.zoopla.qa.test.PropertyDetailPageTest" name="@BeforeMethod setUp" time="0.0">
    <skipped/>
  </testcase> <!-- @BeforeMethod setUp -->
  <testcase classname="com.zoopla.qa.test.AgentPageTest" name="@BeforeMethod setUp" time="0.0">
    <skipped/>
  </testcase> <!-- @BeforeMethod setUp -->
  <testcase classname="com.zoopla.qa.test.PropertyDetailPageTest" name="@BeforeMethod setUp" time="0.0">
    <skipped/>
  </testcase> <!-- @BeforeMethod setUp -->
  <testcase classname="com.zoopla.qa.test.PropertySearchResultPageTest" name="getPropertyPriceListDescendingOrderTest" time="4.083"/>
  <testcase classname="com.zoopla.qa.test.PropertyDetailPageTest" name="isAgentLogoDisplayed" time="0.0">
    <skipped/>
  </testcase> <!-- isAgentLogoDisplayed -->
  <testcase classname="com.zoopla.qa.test.AgentPageTest" name="validateAgentNameIsCorrect" time="0.0">
    <skipped/>
  </testcase> <!-- validateAgentNameIsCorrect -->
  <testcase classname="com.zoopla.qa.test.PropertySearchResultPageTest" name="selectFifthPropertyTest" time="3.841">
    <failure type="org.openqa.selenium.ElementClickInterceptedException" message="Element &amp;lt;a class=&amp;quot;listing-results-price text-price&amp;quot; href=&amp;quot;/for-sale/details/53982765?search_identifier=6323219902a84fc51cd97861178ef6ce&amp;quot;&amp;gt; is not clickable at point (649,641) because another element &amp;lt;img class=&amp;quot; lazy&amp;quot;&amp;gt; obscures it
Build info: version: &amp;apos;3.14.0&amp;apos;, revision: &amp;apos;aacccce0&amp;apos;, time: &amp;apos;2018-08-02T20:19:58.91Z&amp;apos;
System info: host: &amp;apos;WKWIN5154091&amp;apos;, ip: &amp;apos;192.168.0.4&amp;apos;, os.name: &amp;apos;Windows 10&amp;apos;, os.arch: &amp;apos;amd64&amp;apos;, os.version: &amp;apos;10.0&amp;apos;, java.version: &amp;apos;12.0.2&amp;apos;
Driver info: org.openqa.selenium.firefox.FirefoxDriver
Capabilities {acceptInsecureCerts: true, browserName: firefox, browserVersion: 70.0.1, javascriptEnabled: true, moz:accessibilityChecks: false, moz:buildID: 20191030021342, moz:geckodriverVersion: 0.24.0, moz:headless: false, moz:processID: 21748, moz:profile: C:\Users\pkshank\AppData\Lo..., moz:shutdownTimeout: 60000, moz:useNonSpecCompliantPointerOrigin: false, moz:webdriverClick: true, pageLoadStrategy: normal, platform: WINDOWS, platformName: WINDOWS, platformVersion: 10.0, rotatable: false, setWindowRect: true, strictFileInteractability: false, timeouts: {implicit: 0, pageLoad: 300000, script: 30000}, unhandledPromptBehavior: dismiss and notify}
Session ID: cf3f1394-1ecf-4266-8036-de383eb40cb1">
      <![CDATA[org.openqa.selenium.ElementClickInterceptedException: Element <a class="listing-results-price text-price" href="/for-sale/details/53982765?search_identifier=6323219902a84fc51cd97861178ef6ce"> is not clickable at point (649,641) because another element <img class=" lazy"> obscures it
Build info: version: '3.14.0', revision: 'aacccce0', time: '2018-08-02T20:19:58.91Z'
System info: host: 'WKWIN5154091', ip: '192.168.0.4', os.name: 'Windows 10', os.arch: 'amd64', os.version: '10.0', java.version: '12.0.2'
Driver info: org.openqa.selenium.firefox.FirefoxDriver
Capabilities {acceptInsecureCerts: true, browserName: firefox, browserVersion: 70.0.1, javascriptEnabled: true, moz:accessibilityChecks: false, moz:buildID: 20191030021342, moz:geckodriverVersion: 0.24.0, moz:headless: false, moz:processID: 21748, moz:profile: C:\Users\pkshank\AppData\Lo..., moz:shutdownTimeout: 60000, moz:useNonSpecCompliantPointerOrigin: false, moz:webdriverClick: true, pageLoadStrategy: normal, platform: WINDOWS, platformName: WINDOWS, platformVersion: 10.0, rotatable: false, setWindowRect: true, strictFileInteractability: false, timeouts: {implicit: 0, pageLoad: 300000, script: 30000}, unhandledPromptBehavior: dismiss and notify}
Session ID: cf3f1394-1ecf-4266-8036-de383eb40cb1
	at org.openqa.selenium.remote.http.W3CHttpResponseCodec.createException(W3CHttpResponseCodec.java:187)
	at org.openqa.selenium.remote.http.W3CHttpResponseCodec.decode(W3CHttpResponseCodec.java:122)
	at org.openqa.selenium.remote.http.W3CHttpResponseCodec.decode(W3CHttpResponseCodec.java:49)
	at org.openqa.selenium.remote.HttpCommandExecutor.execute(HttpCommandExecutor.java:158)
	at org.openqa.selenium.remote.service.DriverCommandExecutor.execute(DriverCommandExecutor.java:83)
	at org.openqa.selenium.remote.RemoteWebDriver.execute(RemoteWebDriver.java:548)
	at org.openqa.selenium.remote.RemoteWebElement.execute(RemoteWebElement.java:276)
	at org.openqa.selenium.remote.RemoteWebElement.click(RemoteWebElement.java:83)
	at com.zoopla.qa.pages.PropertySearchResultPage.selectFifthProperty(PropertySearchResultPage.java:57)
	at com.zoopla.qa.test.PropertySearchResultPageTest.selectFifthPropertyTest(PropertySearchResultPageTest.java:46)
... Removed 34 stack frames]]>
    </failure>
  </testcase> <!-- selectFifthPropertyTest -->
  <testcase classname="com.zoopla.qa.test.PropertyDetailPageTest" name="isAgentNameDisplayed" time="0.0">
    <skipped/>
  </testcase> <!-- isAgentNameDisplayed -->
  <testcase classname="com.zoopla.qa.test.AgentPageTest" name="validateAgentPhoneNoIsCorrect" time="0.0">
    <skipped/>
  </testcase> <!-- validateAgentPhoneNoIsCorrect -->
  <testcase classname="com.zoopla.qa.test.PropertyDetailPageTest" name="isAgentPhoneNoDisplayed" time="0.0">
    <skipped/>
  </testcase> <!-- isAgentPhoneNoDisplayed -->
</testsuite> <!-- Zoopla_Automation_Test -->
